<?xml version="1.0" encoding="UTF-8"?>
<testng-results ignored="0" total="6" passed="6" failed="0" skipped="0">
  <reporter-output>
  </reporter-output>
  <suite started-at="2025-01-02T19:02:35 IST" name="Suite" finished-at="2025-01-02T19:04:08 IST" duration-ms="93600">
    <groups>
      <group name="cucumber">
        <method signature="AbstractTestNGCucumberTests.runScenario(io.cucumber.testng.PickleWrapper,io.cucumber.testng.FeatureWrapper)[pri:0, instance:RTE_Runner.RTE1_SwagLabLogin_Runner@2e385cce]" name="runScenario" class="io.cucumber.testng.AbstractTestNGCucumberTests"/>
        <method signature="AbstractTestNGCucumberTests.runScenario(io.cucumber.testng.PickleWrapper,io.cucumber.testng.FeatureWrapper)[pri:0, instance:RTE_Runner.RTE2_SwagLabProduct_Runner@644baf4a]" name="runScenario" class="io.cucumber.testng.AbstractTestNGCucumberTests"/>
        <method signature="AbstractTestNGCucumberTests.runScenario(io.cucumber.testng.PickleWrapper,io.cucumber.testng.FeatureWrapper)[pri:0, instance:RTE_Runner.RTE3_SwagLabOrder_Runner@7526515b]" name="runScenario" class="io.cucumber.testng.AbstractTestNGCucumberTests"/>
      </group> <!-- cucumber -->
    </groups>
    <test started-at="2025-01-02T19:02:35 IST" name="Test" finished-at="2025-01-02T19:04:08 IST" duration-ms="93600">
      <class name="RTE_Runner.RTE3_SwagLabOrder_Runner">
        <test-method is-config="true" signature="setUpClass(org.testng.ITestContext)[pri:0, instance:RTE_Runner.RTE3_SwagLabOrder_Runner@7526515b]" started-at="2025-01-02T19:03:45 IST" name="setUpClass" finished-at="2025-01-02T19:03:46 IST" duration-ms="51" status="PASS">
          <params>
            <param index="0">
              <value>
                <![CDATA[org.testng.TestRunner@6048e26a]]>
              </value>
            </param>
          </params>
          <reporter-output>
          </reporter-output>
        </test-method> <!-- setUpClass -->
        <test-method signature="runScenario(io.cucumber.testng.PickleWrapper,io.cucumber.testng.FeatureWrapper)[pri:0, instance:RTE_Runner.RTE3_SwagLabOrder_Runner@7526515b]" started-at="2025-01-02T19:03:46 IST" name="runScenario" description="Runs Cucumber Scenarios" data-provider="scenarios" finished-at="2025-01-02T19:04:07 IST" duration-ms="21643" status="PASS">
          <params>
            <param index="0">
              <value>
                <![CDATA["S6: Purchase Any Product"]]>
              </value>
            </param>
            <param index="1">
              <value>
                <![CDATA["Swaglab Product feature"]]>
              </value>
            </param>
          </params>
          <reporter-output>
          </reporter-output>
        </test-method> <!-- runScenario -->
        <test-method is-config="true" signature="tearDownClass()[pri:0, instance:RTE_Runner.RTE3_SwagLabOrder_Runner@7526515b]" started-at="2025-01-02T19:04:07 IST" name="tearDownClass" finished-at="2025-01-02T19:04:08 IST" duration-ms="979" status="PASS">
          <reporter-output>
          </reporter-output>
        </test-method> <!-- tearDownClass -->
      </class> <!-- RTE_Runner.RTE3_SwagLabOrder_Runner -->
      <class name="RTE_Runner.RTE2_SwagLabProduct_Runner">
        <test-method is-config="true" signature="setUpClass(org.testng.ITestContext)[pri:0, instance:RTE_Runner.RTE2_SwagLabProduct_Runner@644baf4a]" started-at="2025-01-02T19:02:52 IST" name="setUpClass" finished-at="2025-01-02T19:02:52 IST" duration-ms="50" status="PASS">
          <params>
            <param index="0">
              <value>
                <![CDATA[org.testng.TestRunner@6048e26a]]>
              </value>
            </param>
          </params>
          <reporter-output>
          </reporter-output>
        </test-method> <!-- setUpClass -->
        <test-method signature="runScenario(io.cucumber.testng.PickleWrapper,io.cucumber.testng.FeatureWrapper)[pri:0, instance:RTE_Runner.RTE2_SwagLabProduct_Runner@644baf4a]" started-at="2025-01-02T19:02:52 IST" name="runScenario" description="Runs Cucumber Scenarios" data-provider="scenarios" finished-at="2025-01-02T19:03:05 IST" duration-ms="12994" status="PASS">
          <params>
            <param index="0">
              <value>
                <![CDATA["S2: Verify Product Name"]]>
              </value>
            </param>
            <param index="1">
              <value>
                <![CDATA["Swaglab Product feature"]]>
              </value>
            </param>
          </params>
          <reporter-output>
          </reporter-output>
        </test-method> <!-- runScenario -->
        <test-method signature="runScenario(io.cucumber.testng.PickleWrapper,io.cucumber.testng.FeatureWrapper)[pri:0, instance:RTE_Runner.RTE2_SwagLabProduct_Runner@644baf4a]" started-at="2025-01-02T19:03:05 IST" name="runScenario" description="Runs Cucumber Scenarios" data-provider="scenarios" finished-at="2025-01-02T19:03:18 IST" duration-ms="12953" status="PASS">
          <params>
            <param index="0">
              <value>
                <![CDATA["S3: verify OneSie Product Price"]]>
              </value>
            </param>
            <param index="1">
              <value>
                <![CDATA["Swaglab Product feature"]]>
              </value>
            </param>
          </params>
          <reporter-output>
          </reporter-output>
        </test-method> <!-- runScenario -->
        <test-method signature="runScenario(io.cucumber.testng.PickleWrapper,io.cucumber.testng.FeatureWrapper)[pri:0, instance:RTE_Runner.RTE2_SwagLabProduct_Runner@644baf4a]" started-at="2025-01-02T19:03:18 IST" name="runScenario" description="Runs Cucumber Scenarios" data-provider="scenarios" finished-at="2025-01-02T19:03:31 IST" duration-ms="12969" status="PASS">
          <params>
            <param index="0">
              <value>
                <![CDATA["S4: verify Home Page All Product Size"]]>
              </value>
            </param>
            <param index="1">
              <value>
                <![CDATA["Swaglab Product feature"]]>
              </value>
            </param>
          </params>
          <reporter-output>
          </reporter-output>
        </test-method> <!-- runScenario -->
        <test-method signature="runScenario(io.cucumber.testng.PickleWrapper,io.cucumber.testng.FeatureWrapper)[pri:0, instance:RTE_Runner.RTE2_SwagLabProduct_Runner@644baf4a]" started-at="2025-01-02T19:03:31 IST" name="runScenario" description="Runs Cucumber Scenarios" data-provider="scenarios" finished-at="2025-01-02T19:03:44 IST" duration-ms="13003" status="PASS">
          <params>
            <param index="0">
              <value>
                <![CDATA["S5: verify Product Total Price"]]>
              </value>
            </param>
            <param index="1">
              <value>
                <![CDATA["Swaglab Product feature"]]>
              </value>
            </param>
          </params>
          <reporter-output>
          </reporter-output>
        </test-method> <!-- runScenario -->
        <test-method is-config="true" signature="tearDownClass()[pri:0, instance:RTE_Runner.RTE2_SwagLabProduct_Runner@644baf4a]" started-at="2025-01-02T19:03:44 IST" name="tearDownClass" finished-at="2025-01-02T19:03:45 IST" duration-ms="1244" status="PASS">
          <reporter-output>
          </reporter-output>
        </test-method> <!-- tearDownClass -->
      </class> <!-- RTE_Runner.RTE2_SwagLabProduct_Runner -->
      <class name="RTE_Runner.RTE1_SwagLabLogin_Runner">
        <test-method is-config="true" signature="setUpClass(org.testng.ITestContext)[pri:0, instance:RTE_Runner.RTE1_SwagLabLogin_Runner@2e385cce]" started-at="2025-01-02T19:02:35 IST" name="setUpClass" finished-at="2025-01-02T19:02:36 IST" duration-ms="1160" status="PASS">
          <params>
            <param index="0">
              <value>
                <![CDATA[org.testng.TestRunner@6048e26a]]>
              </value>
            </param>
          </params>
          <reporter-output>
          </reporter-output>
        </test-method> <!-- setUpClass -->
        <test-method signature="runScenario(io.cucumber.testng.PickleWrapper,io.cucumber.testng.FeatureWrapper)[pri:0, instance:RTE_Runner.RTE1_SwagLabLogin_Runner@2e385cce]" started-at="2025-01-02T19:02:36 IST" name="runScenario" description="Runs Cucumber Scenarios" data-provider="scenarios" finished-at="2025-01-02T19:02:51 IST" duration-ms="15065" status="PASS">
          <params>
            <param index="0">
              <value>
                <![CDATA["login with valid credentials"]]>
              </value>
            </param>
            <param index="1">
              <value>
                <![CDATA["swaglab login feature"]]>
              </value>
            </param>
          </params>
          <reporter-output>
          </reporter-output>
        </test-method> <!-- runScenario -->
        <test-method is-config="true" signature="tearDownClass()[pri:0, instance:RTE_Runner.RTE1_SwagLabLogin_Runner@2e385cce]" started-at="2025-01-02T19:02:51 IST" name="tearDownClass" finished-at="2025-01-02T19:02:52 IST" duration-ms="1412" status="PASS">
          <reporter-output>
          </reporter-output>
        </test-method> <!-- tearDownClass -->
      </class> <!-- RTE_Runner.RTE1_SwagLabLogin_Runner -->
    </test> <!-- Test -->
  </suite> <!-- Suite -->
</testng-results>
