<?xml version="1.0" encoding="UTF-8"?>
<testng-results ignored="0" total="1" passed="1" failed="0" skipped="0">
  <reporter-output>
  </reporter-output>
  <suite started-at="2025-01-02T18:56:30 IST" name="Default suite" finished-at="2025-01-02T18:56:58 IST" duration-ms="27780">
    <groups>
      <group name="cucumber">
        <method signature="AbstractTestNGCucumberTests.runScenario(io.cucumber.testng.PickleWrapper,io.cucumber.testng.FeatureWrapper)[pri:0, instance:RTE_Runner.RTE3_SwagLabOrderRunner@4c60d6e9]" name="runScenario" class="io.cucumber.testng.AbstractTestNGCucumberTests"/>
      </group> <!-- cucumber -->
    </groups>
    <test started-at="2025-01-02T18:56:30 IST" name="Default test" finished-at="2025-01-02T18:56:58 IST" duration-ms="27780">
      <class name="RTE_Runner.RTE3_SwagLabOrderRunner">
        <test-method is-config="true" signature="setUpClass(org.testng.ITestContext)[pri:0, instance:RTE_Runner.RTE3_SwagLabOrderRunner@4c60d6e9]" started-at="2025-01-02T18:56:30 IST" name="setUpClass" finished-at="2025-01-02T18:56:31 IST" duration-ms="903" status="PASS">
          <params>
            <param index="0">
              <value>
                <![CDATA[org.testng.TestRunner@6f6c6077]]>
              </value>
            </param>
          </params>
          <reporter-output>
          </reporter-output>
        </test-method> <!-- setUpClass -->
        <test-method signature="runScenario(io.cucumber.testng.PickleWrapper,io.cucumber.testng.FeatureWrapper)[pri:0, instance:RTE_Runner.RTE3_SwagLabOrderRunner@4c60d6e9]" started-at="2025-01-02T18:56:31 IST" name="runScenario" description="Runs Cucumber Scenarios" data-provider="scenarios" finished-at="2025-01-02T18:56:56 IST" duration-ms="24725" status="PASS">
          <params>
            <param index="0">
              <value>
                <![CDATA["S6: Purchase Any Product"]]>
              </value>
            </param>
            <param index="1">
              <value>
                <![CDATA["Swaglab Product feature"]]>
              </value>
            </param>
          </params>
          <reporter-output>
          </reporter-output>
        </test-method> <!-- runScenario -->
        <test-method is-config="true" signature="tearDownClass()[pri:0, instance:RTE_Runner.RTE3_SwagLabOrderRunner@4c60d6e9]" started-at="2025-01-02T18:56:56 IST" name="tearDownClass" finished-at="2025-01-02T18:56:58 IST" duration-ms="2083" status="PASS">
          <reporter-output>
          </reporter-output>
        </test-method> <!-- tearDownClass -->
      </class> <!-- RTE_Runner.RTE3_SwagLabOrderRunner -->
    </test> <!-- Default test -->
  </suite> <!-- Default suite -->
</testng-results>
