<?xml version="1.0" encoding="UTF-8"?>
<!-- Generated by org.testng.reporters.JUnitReportReporter -->
<testsuite hostname="DESKTOP-RUC4Q20" failures="1" tests="3" name="Runner_Files.Ex15_CaptureFailedScenariosRunner" time="0.360" errors="0" timestamp="2025-01-01T10:40:26 IST" skipped="0">
  <testcase classname="Runner_Files.Ex15_CaptureFailedScenariosRunner" name="runScenario" time="0.239">
    <failure message="Failed: Mismatch act and exp expected [Hello] but found [Hi]" type="java.lang.AssertionError">
      <![CDATA[java.lang.AssertionError: Failed: Mismatch act and exp expected [Hello] but found [Hi]
at org.testng.Assert.fail(Assert.java:110)
at org.testng.Assert.failNotEquals(Assert.java:1413)
at org.testng.Assert.assertEqualsImpl(Assert.java:149)
at org.testng.Assert.assertEquals(Assert.java:131)
at org.testng.Assert.assertEquals(Assert.java:655)
at Steps.Ex1_LoginToSwagLab.user_should_be_on_home_page(Ex1_LoginToSwagLab.java:41)
at ✽.User should be on Home Page(file:///C:/Users/Admin/eclipse-workspace/Cucumber24Dec24/src/test/resources/feature_Files/Ex2_MultipleScenariosInSingleFeatureFile.feature:11)
]]>
    </failure>
  </testcase> <!-- runScenario -->
  <system-out/>
  <testcase classname="Runner_Files.Ex15_CaptureFailedScenariosRunner" name="runScenario" time="0.059"/>
  <system-out/>
  <testcase classname="Runner_Files.Ex15_CaptureFailedScenariosRunner" name="runScenario" time="0.062"/>
  <system-out/>
</testsuite> <!-- Runner_Files.Ex15_CaptureFailedScenariosRunner -->
